14:27:56 [INFO] rx: uci
14:27:56 [INFO] tx: Id { name: Some("Loco-Chess"), author: None }
14:27:56 [INFO] tx: Id { name: None, author: Some("Marcin Pieczka") }
14:27:56 [INFO] tx: UciOk
14:28:17 [INFO] rx: position startpos moves e2e4
14:28:17 [INFO] UciMessage::Position None, [ChessMove { source: Square(12), dest: Square(28), promotion: None }]
14:28:17 [INFO] Starting Board:
14:28:17 [INFO] |R |Kn|B |Q |K |B |Kn|R 
14:28:17 [INFO] |p |p |p |p |p |p |p |p 
14:28:17 [INFO] |  |  |  |  |  |  |  |  
14:28:17 [INFO] |  |  |  |  |  |  |  |  
14:28:17 [INFO] |  |  |  |  |p |  |  |  
14:28:17 [INFO] |  |  |  |  |  |  |  |  
14:28:17 [INFO] |p |p |p |p |  |p |p |p 
14:28:17 [INFO] |R |Kn|B |Q |K |B |Kn|R 
14:28:22 [INFO] rx: UNKNOWN MESSAGE: 
14:28:25 [INFO] rx: go 
14:28:25 [INFO] UciMessage::Go None
14:28:25 [INFO] Creating Lookup with color Black
14:28:25 [INFO] Looking for up to 100000 nodes
14:28:25 [INFO] Start position eval: 0
14:28:25 [INFO] New board, depth 1, move ChessMove { source: Square(48), dest: Square(32), promotion: None }
14:28:25 [INFO] Moves: [ChessMove { source: Square(48), dest: Square(32), promotion: None }]
14:28:25 [INFO] |R |Kn|B |Q |K |B |Kn|R 
14:28:25 [INFO] |  |p |p |p |p |p |p |p 
14:28:25 [INFO] |  |  |  |  |  |  |  |  
14:28:25 [INFO] |p |  |  |  |  |  |  |  
14:28:25 [INFO] |  |  |  |  |p |  |  |  
14:28:25 [INFO] |  |  |  |  |  |  |  |  
14:28:25 [INFO] |p |p |p |p |  |p |p |p 
14:28:25 [INFO] |R |Kn|B |Q |K |B |Kn|R 
14:28:25 [INFO] Old board
14:28:25 [INFO] |R |Kn|B |Q |K |B |Kn|R 
14:28:25 [INFO] |p |p |p |p |p |p |p |p 
14:28:25 [INFO] |  |  |  |  |  |  |  |  
14:28:25 [INFO] |  |  |  |  |  |  |  |  
14:28:25 [INFO] |  |  |  |  |p |  |  |  
14:28:25 [INFO] |  |  |  |  |  |  |  |  
14:28:25 [INFO] |p |p |p |p |  |p |p |p 
14:28:25 [INFO] |R |Kn|B |Q |K |B |Kn|R 
14:28:25 [INFO] ===========================
14:28:25 [INFO] New board, depth 1, move ChessMove { source: Square(48), dest: Square(40), promotion: None }
14:28:25 [INFO] Moves: [ChessMove { source: Square(48), dest: Square(40), promotion: None }]
14:28:25 [INFO] |R |Kn|B |Q |K |B |Kn|R 
14:28:25 [INFO] |  |p |p |p |p |p |p |p 
14:28:25 [INFO] |p |  |  |  |  |  |  |  
14:28:25 [INFO] |  |  |  |  |  |  |  |  
14:28:25 [INFO] |  |  |  |  |p |  |  |  
14:28:25 [INFO] |  |  |  |  |  |  |  |  
14:28:25 [INFO] |p |p |p |p |  |p |p |p 
14:28:25 [INFO] |R |Kn|B |Q |K |B |Kn|R 
14:28:25 [INFO] Old board
14:28:25 [INFO] |R |Kn|B |Q |K |B |Kn|R 
14:28:25 [INFO] |p |p |p |p |p |p |p |p 
14:28:25 [INFO] |  |  |  |  |  |  |  |  
14:28:25 [INFO] |  |  |  |  |  |  |  |  
14:28:25 [INFO] |  |  |  |  |p |  |  |  
14:28:25 [INFO] |  |  |  |  |  |  |  |  
14:28:25 [INFO] |p |p |p |p |  |p |p |p 
14:28:25 [INFO] |R |Kn|B |Q |K |B |Kn|R 
14:28:25 [INFO] ===========================
14:28:25 [INFO] New board, depth 1, move ChessMove { source: Square(49), dest: Square(33), promotion: None }
14:28:25 [INFO] Moves: [ChessMove { source: Square(49), dest: Square(33), promotion: None }]
14:28:25 [INFO] |R |Kn|B |Q |K |B |Kn|R 
14:28:25 [INFO] |p |  |p |p |p |p |p |p 
14:28:25 [INFO] |  |  |  |  |  |  |  |  
14:28:25 [INFO] |  |p |  |  |  |  |  |  
14:28:25 [INFO] |  |  |  |  |p |  |  |  
14:28:25 [INFO] |  |  |  |  |  |  |  |  
14:28:25 [INFO] |p |p |p |p |  |p |p |p 
14:28:25 [INFO] |R |Kn|B |Q |K |B |Kn|R 
14:28:25 [INFO] Old board
14:28:25 [INFO] |R |Kn|B |Q |K |B |Kn|R 
14:28:25 [INFO] |p |p |p |p |p |p |p |p 
14:28:25 [INFO] |  |  |  |  |  |  |  |  
14:28:25 [INFO] |  |  |  |  |  |  |  |  
14:28:25 [INFO] |  |  |  |  |p |  |  |  
14:28:25 [INFO] |  |  |  |  |  |  |  |  
14:28:25 [INFO] |p |p |p |p |  |p |p |p 
14:28:25 [INFO] |R |Kn|B |Q |K |B |Kn|R 
14:28:25 [INFO] ===========================
14:28:25 [INFO] New board, depth 1, move ChessMove { source: Square(49), dest: Square(41), promotion: None }
14:28:25 [INFO] Moves: [ChessMove { source: Square(49), dest: Square(41), promotion: None }]
14:28:25 [INFO] |R |Kn|B |Q |K |B |Kn|R 
14:28:25 [INFO] |p |  |p |p |p |p |p |p 
14:28:25 [INFO] |  |p |  |  |  |  |  |  
14:28:25 [INFO] |  |  |  |  |  |  |  |  
14:28:25 [INFO] |  |  |  |  |p |  |  |  
14:28:25 [INFO] |  |  |  |  |  |  |  |  
14:28:25 [INFO] |p |p |p |p |  |p |p |p 
14:28:25 [INFO] |R |Kn|B |Q |K |B |Kn|R 
14:28:25 [INFO] Old board
14:28:25 [INFO] |R |Kn|B |Q |K |B |Kn|R 
14:28:25 [INFO] |p |p |p |p |p |p |p |p 
14:28:25 [INFO] |  |  |  |  |  |  |  |  
14:28:25 [INFO] |  |  |  |  |  |  |  |  
14:28:25 [INFO] |  |  |  |  |p |  |  |  
14:28:25 [INFO] |  |  |  |  |  |  |  |  
14:28:25 [INFO] |p |p |p |p |  |p |p |p 
14:28:25 [INFO] |R |Kn|B |Q |K |B |Kn|R 
14:28:25 [INFO] ===========================
14:28:25 [INFO] New board, depth 1, move ChessMove { source: Square(50), dest: Square(34), promotion: None }
14:28:25 [INFO] Moves: [ChessMove { source: Square(50), dest: Square(34), promotion: None }]
14:28:25 [INFO] |R |Kn|B |Q |K |B |Kn|R 
14:28:25 [INFO] |p |p |  |p |p |p |p |p 
14:28:25 [INFO] |  |  |  |  |  |  |  |  
14:28:25 [INFO] |  |  |p |  |  |  |  |  
14:28:25 [INFO] |  |  |  |  |p |  |  |  
14:28:25 [INFO] |  |  |  |  |  |  |  |  
14:28:25 [INFO] |p |p |p |p |  |p |p |p 
14:28:25 [INFO] |R |Kn|B |Q |K |B |Kn|R 
14:28:25 [INFO] Old board
14:28:25 [INFO] |R |Kn|B |Q |K |B |Kn|R 
14:28:25 [INFO] |p |p |p |p |p |p |p |p 
14:28:25 [INFO] |  |  |  |  |  |  |  |  
14:28:25 [INFO] |  |  |  |  |  |  |  |  
14:28:25 [INFO] |  |  |  |  |p |  |  |  
14:28:25 [INFO] |  |  |  |  |  |  |  |  
14:28:25 [INFO] |p |p |p |p |  |p |p |p 
14:28:25 [INFO] |R |Kn|B |Q |K |B |Kn|R 
14:28:25 [INFO] ===========================
14:28:25 [INFO] New board, depth 1, move ChessMove { source: Square(50), dest: Square(42), promotion: None }
14:28:25 [INFO] Moves: [ChessMove { source: Square(50), dest: Square(42), promotion: None }]
14:28:25 [INFO] |R |Kn|B |Q |K |B |Kn|R 
14:28:25 [INFO] |p |p |  |p |p |p |p |p 
14:28:25 [INFO] |  |  |p |  |  |  |  |  
14:28:25 [INFO] |  |  |  |  |  |  |  |  
14:28:25 [INFO] |  |  |  |  |p |  |  |  
14:28:25 [INFO] |  |  |  |  |  |  |  |  
14:28:25 [INFO] |p |p |p |p |  |p |p |p 
14:28:25 [INFO] |R |Kn|B |Q |K |B |Kn|R 
14:28:25 [INFO] Old board
14:28:25 [INFO] |R |Kn|B |Q |K |B |Kn|R 
14:28:25 [INFO] |p |p |p |p |p |p |p |p 
14:28:25 [INFO] |  |  |  |  |  |  |  |  
14:28:25 [INFO] |  |  |  |  |  |  |  |  
14:28:25 [INFO] |  |  |  |  |p |  |  |  
14:28:25 [INFO] |  |  |  |  |  |  |  |  
14:28:25 [INFO] |p |p |p |p |  |p |p |p 
14:28:25 [INFO] |R |Kn|B |Q |K |B |Kn|R 
14:28:25 [INFO] ===========================
14:28:25 [INFO] New board, depth 1, move ChessMove { source: Square(51), dest: Square(35), promotion: None }
14:28:25 [INFO] Moves: [ChessMove { source: Square(51), dest: Square(35), promotion: None }]
14:28:25 [INFO] |R |Kn|B |Q |K |B |Kn|R 
14:28:25 [INFO] |p |p |p |  |p |p |p |p 
14:28:25 [INFO] |  |  |  |  |  |  |  |  
14:28:25 [INFO] |  |  |  |p |  |  |  |  
14:28:25 [INFO] |  |  |  |  |p |  |  |  
14:28:25 [INFO] |  |  |  |  |  |  |  |  
14:28:25 [INFO] |p |p |p |p |  |p |p |p 
14:28:25 [INFO] |R |Kn|B |Q |K |B |Kn|R 
14:28:25 [INFO] Old board
14:28:25 [INFO] |R |Kn|B |Q |K |B |Kn|R 
14:28:25 [INFO] |p |p |p |p |p |p |p |p 
14:28:25 [INFO] |  |  |  |  |  |  |  |  
14:28:25 [INFO] |  |  |  |  |  |  |  |  
14:28:25 [INFO] |  |  |  |  |p |  |  |  
14:28:25 [INFO] |  |  |  |  |  |  |  |  
14:28:25 [INFO] |p |p |p |p |  |p |p |p 
14:28:25 [INFO] |R |Kn|B |Q |K |B |Kn|R 
14:28:25 [INFO] ===========================
14:28:25 [INFO] New board, depth 1, move ChessMove { source: Square(51), dest: Square(43), promotion: None }
14:28:25 [INFO] Moves: [ChessMove { source: Square(51), dest: Square(43), promotion: None }]
14:28:25 [INFO] |R |Kn|B |Q |K |B |Kn|R 
14:28:25 [INFO] |p |p |p |  |p |p |p |p 
14:28:25 [INFO] |  |  |  |p |  |  |  |  
14:28:25 [INFO] |  |  |  |  |  |  |  |  
14:28:25 [INFO] |  |  |  |  |p |  |  |  
14:28:25 [INFO] |  |  |  |  |  |  |  |  
14:28:25 [INFO] |p |p |p |p |  |p |p |p 
14:28:25 [INFO] |R |Kn|B |Q |K |B |Kn|R 
14:28:25 [INFO] Old board
14:28:25 [INFO] |R |Kn|B |Q |K |B |Kn|R 
14:28:25 [INFO] |p |p |p |p |p |p |p |p 
14:28:25 [INFO] |  |  |  |  |  |  |  |  
14:28:25 [INFO] |  |  |  |  |  |  |  |  
14:28:25 [INFO] |  |  |  |  |p |  |  |  
14:28:25 [INFO] |  |  |  |  |  |  |  |  
14:28:25 [INFO] |p |p |p |p |  |p |p |p 
14:28:25 [INFO] |R |Kn|B |Q |K |B |Kn|R 
14:28:25 [INFO] ===========================
14:28:25 [INFO] New board, depth 1, move ChessMove { source: Square(52), dest: Square(36), promotion: None }
14:28:25 [INFO] Moves: [ChessMove { source: Square(52), dest: Square(36), promotion: None }]
14:28:25 [INFO] |R |Kn|B |Q |K |B |Kn|R 
14:28:25 [INFO] |p |p |p |p |  |p |p |p 
14:28:25 [INFO] |  |  |  |  |  |  |  |  
14:28:25 [INFO] |  |  |  |  |p |  |  |  
14:28:25 [INFO] |  |  |  |  |p |  |  |  
14:28:25 [INFO] |  |  |  |  |  |  |  |  
14:28:25 [INFO] |p |p |p |p |  |p |p |p 
14:28:25 [INFO] |R |Kn|B |Q |K |B |Kn|R 
14:28:25 [INFO] Old board
14:28:25 [INFO] |R |Kn|B |Q |K |B |Kn|R 
14:28:25 [INFO] |p |p |p |p |p |p |p |p 
14:28:25 [INFO] |  |  |  |  |  |  |  |  
14:28:25 [INFO] |  |  |  |  |  |  |  |  
14:28:25 [INFO] |  |  |  |  |p |  |  |  
14:28:25 [INFO] |  |  |  |  |  |  |  |  
14:28:25 [INFO] |p |p |p |p |  |p |p |p 
14:28:25 [INFO] |R |Kn|B |Q |K |B |Kn|R 
14:28:25 [INFO] ===========================
14:28:25 [INFO] New board, depth 1, move ChessMove { source: Square(52), dest: Square(44), promotion: None }
14:28:25 [INFO] Moves: [ChessMove { source: Square(52), dest: Square(44), promotion: None }]
14:28:25 [INFO] |R |Kn|B |Q |K |B |Kn|R 
14:28:25 [INFO] |p |p |p |p |  |p |p |p 
14:28:25 [INFO] |  |  |  |  |p |  |  |  
14:28:25 [INFO] |  |  |  |  |  |  |  |  
14:28:25 [INFO] |  |  |  |  |p |  |  |  
14:28:25 [INFO] |  |  |  |  |  |  |  |  
14:28:25 [INFO] |p |p |p |p |  |p |p |p 
14:28:25 [INFO] |R |Kn|B |Q |K |B |Kn|R 
14:28:25 [INFO] Old board
14:28:25 [INFO] |R |Kn|B |Q |K |B |Kn|R 
14:28:25 [INFO] |p |p |p |p |p |p |p |p 
14:28:25 [INFO] |  |  |  |  |  |  |  |  
14:28:25 [INFO] |  |  |  |  |  |  |  |  
14:28:25 [INFO] |  |  |  |  |p |  |  |  
14:28:25 [INFO] |  |  |  |  |  |  |  |  
14:28:25 [INFO] |p |p |p |p |  |p |p |p 
14:28:25 [INFO] |R |Kn|B |Q |K |B |Kn|R 
14:28:25 [INFO] ===========================
14:28:25 [INFO] New board, depth 1, move ChessMove { source: Square(53), dest: Square(37), promotion: None }
14:28:25 [INFO] Moves: [ChessMove { source: Square(53), dest: Square(37), promotion: None }]
14:28:25 [INFO] |R |Kn|B |Q |K |B |Kn|R 
14:28:25 [INFO] |p |p |p |p |p |  |p |p 
14:28:25 [INFO] |  |  |  |  |  |  |  |  
14:28:25 [INFO] |  |  |  |  |  |p |  |  
14:28:25 [INFO] |  |  |  |  |p |  |  |  
14:28:25 [INFO] |  |  |  |  |  |  |  |  
14:28:25 [INFO] |p |p |p |p |  |p |p |p 
14:28:25 [INFO] |R |Kn|B |Q |K |B |Kn|R 
14:28:25 [INFO] Old board
14:28:25 [INFO] |R |Kn|B |Q |K |B |Kn|R 
14:28:25 [INFO] |p |p |p |p |p |p |p |p 
14:28:25 [INFO] |  |  |  |  |  |  |  |  
14:28:25 [INFO] |  |  |  |  |  |  |  |  
14:28:25 [INFO] |  |  |  |  |p |  |  |  
14:28:25 [INFO] |  |  |  |  |  |  |  |  
14:28:25 [INFO] |p |p |p |p |  |p |p |p 
14:28:25 [INFO] |R |Kn|B |Q |K |B |Kn|R 
14:28:25 [INFO] ===========================
14:28:25 [INFO] New board, depth 1, move ChessMove { source: Square(53), dest: Square(45), promotion: None }
14:28:25 [INFO] Moves: [ChessMove { source: Square(53), dest: Square(45), promotion: None }]
14:28:25 [INFO] |R |Kn|B |Q |K |B |Kn|R 
14:28:25 [INFO] |p |p |p |p |p |  |p |p 
14:28:25 [INFO] |  |  |  |  |  |p |  |  
14:28:25 [INFO] |  |  |  |  |  |  |  |  
14:28:25 [INFO] |  |  |  |  |p |  |  |  
14:28:25 [INFO] |  |  |  |  |  |  |  |  
14:28:25 [INFO] |p |p |p |p |  |p |p |p 
14:28:25 [INFO] |R |Kn|B |Q |K |B |Kn|R 
14:28:25 [INFO] Old board
14:28:25 [INFO] |R |Kn|B |Q |K |B |Kn|R 
14:28:25 [INFO] |p |p |p |p |p |p |p |p 
14:28:25 [INFO] |  |  |  |  |  |  |  |  
14:28:25 [INFO] |  |  |  |  |  |  |  |  
14:28:25 [INFO] |  |  |  |  |p |  |  |  
14:28:25 [INFO] |  |  |  |  |  |  |  |  
14:28:25 [INFO] |p |p |p |p |  |p |p |p 
14:28:25 [INFO] |R |Kn|B |Q |K |B |Kn|R 
14:28:25 [INFO] ===========================
14:28:25 [INFO] New board, depth 1, move ChessMove { source: Square(54), dest: Square(38), promotion: None }
14:28:25 [INFO] Moves: [ChessMove { source: Square(54), dest: Square(38), promotion: None }]
14:28:25 [INFO] |R |Kn|B |Q |K |B |Kn|R 
14:28:25 [INFO] |p |p |p |p |p |p |  |p 
14:28:25 [INFO] |  |  |  |  |  |  |  |  
14:28:25 [INFO] |  |  |  |  |  |  |p |  
14:28:25 [INFO] |  |  |  |  |p |  |  |  
14:28:25 [INFO] |  |  |  |  |  |  |  |  
14:28:25 [INFO] |p |p |p |p |  |p |p |p 
14:28:25 [INFO] |R |Kn|B |Q |K |B |Kn|R 
14:28:25 [INFO] Old board
14:28:25 [INFO] |R |Kn|B |Q |K |B |Kn|R 
14:28:25 [INFO] |p |p |p |p |p |p |p |p 
14:28:25 [INFO] |  |  |  |  |  |  |  |  
14:28:25 [INFO] |  |  |  |  |  |  |  |  
14:28:25 [INFO] |  |  |  |  |p |  |  |  
14:28:25 [INFO] |  |  |  |  |  |  |  |  
14:28:25 [INFO] |p |p |p |p |  |p |p |p 
14:28:25 [INFO] |R |Kn|B |Q |K |B |Kn|R 
14:28:25 [INFO] ===========================
14:28:25 [INFO] New board, depth 1, move ChessMove { source: Square(54), dest: Square(46), promotion: None }
14:28:25 [INFO] Moves: [ChessMove { source: Square(54), dest: Square(46), promotion: None }]
14:28:25 [INFO] |R |Kn|B |Q |K |B |Kn|R 
14:28:25 [INFO] |p |p |p |p |p |p |  |p 
14:28:25 [INFO] |  |  |  |  |  |  |p |  
14:28:25 [INFO] |  |  |  |  |  |  |  |  
14:28:25 [INFO] |  |  |  |  |p |  |  |  
14:28:25 [INFO] |  |  |  |  |  |  |  |  
14:28:25 [INFO] |p |p |p |p |  |p |p |p 
14:28:25 [INFO] |R |Kn|B |Q |K |B |Kn|R 
14:28:25 [INFO] Old board
14:28:25 [INFO] |R |Kn|B |Q |K |B |Kn|R 
14:28:25 [INFO] |p |p |p |p |p |p |p |p 
14:28:25 [INFO] |  |  |  |  |  |  |  |  
14:28:25 [INFO] |  |  |  |  |  |  |  |  
14:28:25 [INFO] |  |  |  |  |p |  |  |  
14:28:25 [INFO] |  |  |  |  |  |  |  |  
14:28:25 [INFO] |p |p |p |p |  |p |p |p 
14:28:25 [INFO] |R |Kn|B |Q |K |B |Kn|R 
14:28:25 [INFO] ===========================
14:28:25 [INFO] New board, depth 1, move ChessMove { source: Square(55), dest: Square(39), promotion: None }
14:28:25 [INFO] Moves: [ChessMove { source: Square(55), dest: Square(39), promotion: None }]
14:28:25 [INFO] |R |Kn|B |Q |K |B |Kn|R 
14:28:25 [INFO] |p |p |p |p |p |p |p |  
14:28:25 [INFO] |  |  |  |  |  |  |  |  
14:28:25 [INFO] |  |  |  |  |  |  |  |p 
14:28:25 [INFO] |  |  |  |  |p |  |  |  
14:28:25 [INFO] |  |  |  |  |  |  |  |  
14:28:25 [INFO] |p |p |p |p |  |p |p |p 
14:28:25 [INFO] |R |Kn|B |Q |K |B |Kn|R 
14:28:25 [INFO] Old board
14:28:25 [INFO] |R |Kn|B |Q |K |B |Kn|R 
14:28:25 [INFO] |p |p |p |p |p |p |p |p 
14:28:25 [INFO] |  |  |  |  |  |  |  |  
14:28:25 [INFO] |  |  |  |  |  |  |  |  
14:28:25 [INFO] |  |  |  |  |p |  |  |  
14:28:25 [INFO] |  |  |  |  |  |  |  |  
14:28:25 [INFO] |p |p |p |p |  |p |p |p 
14:28:25 [INFO] |R |Kn|B |Q |K |B |Kn|R 
14:28:25 [INFO] ===========================
14:28:25 [INFO] New board, depth 1, move ChessMove { source: Square(55), dest: Square(47), promotion: None }
14:28:25 [INFO] Moves: [ChessMove { source: Square(55), dest: Square(47), promotion: None }]
14:28:25 [INFO] |R |Kn|B |Q |K |B |Kn|R 
14:28:25 [INFO] |p |p |p |p |p |p |p |  
14:28:25 [INFO] |  |  |  |  |  |  |  |p 
14:28:25 [INFO] |  |  |  |  |  |  |  |  
14:28:25 [INFO] |  |  |  |  |p |  |  |  
14:28:25 [INFO] |  |  |  |  |  |  |  |  
14:28:25 [INFO] |p |p |p |p |  |p |p |p 
14:28:25 [INFO] |R |Kn|B |Q |K |B |Kn|R 
14:28:25 [INFO] Old board
14:28:25 [INFO] |R |Kn|B |Q |K |B |Kn|R 
14:28:25 [INFO] |p |p |p |p |p |p |p |p 
14:28:25 [INFO] |  |  |  |  |  |  |  |  
14:28:25 [INFO] |  |  |  |  |  |  |  |  
14:28:25 [INFO] |  |  |  |  |p |  |  |  
14:28:25 [INFO] |  |  |  |  |  |  |  |  
14:28:25 [INFO] |p |p |p |p |  |p |p |p 
14:28:25 [INFO] |R |Kn|B |Q |K |B |Kn|R 
14:28:25 [INFO] ===========================
14:28:25 [INFO] New board, depth 1, move ChessMove { source: Square(57), dest: Square(40), promotion: None }
14:28:25 [INFO] Moves: [ChessMove { source: Square(57), dest: Square(40), promotion: None }]
14:28:25 [INFO] |R |  |B |Q |K |B |Kn|R 
14:28:25 [INFO] |p |p |p |p |p |p |p |p 
14:28:25 [INFO] |Kn|  |  |  |  |  |  |  
14:28:25 [INFO] |  |  |  |  |  |  |  |  
14:28:25 [INFO] |  |  |  |  |p |  |  |  
14:28:25 [INFO] |  |  |  |  |  |  |  |  
14:28:25 [INFO] |p |p |p |p |  |p |p |p 
14:28:25 [INFO] |R |Kn|B |Q |K |B |Kn|R 
14:28:25 [INFO] Old board
14:28:25 [INFO] |R |Kn|B |Q |K |B |Kn|R 
14:28:25 [INFO] |p |p |p |p |p |p |p |p 
14:28:25 [INFO] |  |  |  |  |  |  |  |  
14:28:25 [INFO] |  |  |  |  |  |  |  |  
14:28:25 [INFO] |  |  |  |  |p |  |  |  
14:28:25 [INFO] |  |  |  |  |  |  |  |  
14:28:25 [INFO] |p |p |p |p |  |p |p |p 
14:28:25 [INFO] |R |Kn|B |Q |K |B |Kn|R 
14:28:25 [INFO] ===========================
14:28:25 [INFO] New board, depth 1, move ChessMove { source: Square(57), dest: Square(42), promotion: None }
14:28:25 [INFO] Moves: [ChessMove { source: Square(57), dest: Square(42), promotion: None }]
14:28:25 [INFO] |R |  |B |Q |K |B |Kn|R 
14:28:25 [INFO] |p |p |p |p |p |p |p |p 
14:28:25 [INFO] |  |  |Kn|  |  |  |  |  
14:28:25 [INFO] |  |  |  |  |  |  |  |  
14:28:25 [INFO] |  |  |  |  |p |  |  |  
14:28:25 [INFO] |  |  |  |  |  |  |  |  
14:28:25 [INFO] |p |p |p |p |  |p |p |p 
14:28:25 [INFO] |R |Kn|B |Q |K |B |Kn|R 
14:28:25 [INFO] Old board
14:28:25 [INFO] |R |Kn|B |Q |K |B |Kn|R 
14:28:25 [INFO] |p |p |p |p |p |p |p |p 
14:28:25 [INFO] |  |  |  |  |  |  |  |  
14:28:25 [INFO] |  |  |  |  |  |  |  |  
14:28:25 [INFO] |  |  |  |  |p |  |  |  
14:28:25 [INFO] |  |  |  |  |  |  |  |  
14:28:25 [INFO] |p |p |p |p |  |p |p |p 
14:28:25 [INFO] |R |Kn|B |Q |K |B |Kn|R 
14:28:25 [INFO] ===========================
14:28:25 [INFO] New board, depth 1, move ChessMove { source: Square(62), dest: Square(45), promotion: None }
14:28:25 [INFO] Moves: [ChessMove { source: Square(62), dest: Square(45), promotion: None }]
14:28:25 [INFO] |R |Kn|B |Q |K |B |  |R 
14:28:25 [INFO] |p |p |p |p |p |p |p |p 
14:28:25 [INFO] |  |  |  |  |  |Kn|  |  
14:28:25 [INFO] |  |  |  |  |  |  |  |  
14:28:25 [INFO] |  |  |  |  |p |  |  |  
14:28:25 [INFO] |  |  |  |  |  |  |  |  
14:28:25 [INFO] |p |p |p |p |  |p |p |p 
14:28:25 [INFO] |R |Kn|B |Q |K |B |Kn|R 
14:28:25 [INFO] Old board
14:28:25 [INFO] |R |Kn|B |Q |K |B |Kn|R 
14:28:25 [INFO] |p |p |p |p |p |p |p |p 
14:28:25 [INFO] |  |  |  |  |  |  |  |  
14:28:25 [INFO] |  |  |  |  |  |  |  |  
14:28:25 [INFO] |  |  |  |  |p |  |  |  
14:28:25 [INFO] |  |  |  |  |  |  |  |  
14:28:25 [INFO] |p |p |p |p |  |p |p |p 
14:28:25 [INFO] |R |Kn|B |Q |K |B |Kn|R 
14:28:25 [INFO] ===========================
14:28:25 [INFO] New board, depth 1, move ChessMove { source: Square(62), dest: Square(47), promotion: None }
14:28:25 [INFO] Moves: [ChessMove { source: Square(62), dest: Square(47), promotion: None }]
14:28:25 [INFO] |R |Kn|B |Q |K |B |  |R 
14:28:25 [INFO] |p |p |p |p |p |p |p |p 
14:28:25 [INFO] |  |  |  |  |  |  |  |Kn
14:28:25 [INFO] |  |  |  |  |  |  |  |  
14:28:25 [INFO] |  |  |  |  |p |  |  |  
14:28:25 [INFO] |  |  |  |  |  |  |  |  
14:28:25 [INFO] |p |p |p |p |  |p |p |p 
14:28:25 [INFO] |R |Kn|B |Q |K |B |Kn|R 
14:28:25 [INFO] Old board
14:28:25 [INFO] |R |Kn|B |Q |K |B |Kn|R 
14:28:25 [INFO] |p |p |p |p |p |p |p |p 
14:28:25 [INFO] |  |  |  |  |  |  |  |  
14:28:25 [INFO] |  |  |  |  |  |  |  |  
14:28:25 [INFO] |  |  |  |  |p |  |  |  
14:28:25 [INFO] |  |  |  |  |  |  |  |  
14:28:25 [INFO] |p |p |p |p |  |p |p |p 
14:28:25 [INFO] |R |Kn|B |Q |K |B |Kn|R 
14:28:25 [INFO] ===========================
14:28:25 [INFO] New board, depth 2, move ChessMove { source: Square(8), dest: Square(16), promotion: None }
14:28:25 [INFO] Moves: [ChessMove { source: Square(8), dest: Square(16), promotion: None }]
14:28:25 [INFO] |R |Kn|B |Q |K |B |Kn|R 
14:28:25 [INFO] |p |p |p |p |p |p |p |p 
14:28:25 [INFO] |  |  |  |  |  |  |  |  
14:28:25 [INFO] |  |  |  |  |  |  |  |  
14:28:25 [INFO] |  |  |  |  |p |  |  |  
14:28:25 [INFO] |p |  |  |  |  |  |  |  
14:28:25 [INFO] |  |p |p |p |  |p |p |p 
14:28:25 [INFO] |R |Kn|B |Q |K |B |Kn|R 
14:28:25 [INFO] Old board
14:28:25 [INFO] |R |Kn|B |Q |K |B |Kn|R 
14:28:25 [INFO] |p |p |p |p |p |p |p |p 
14:28:25 [INFO] |  |  |  |  |  |  |  |  
14:28:25 [INFO] |  |  |  |  |  |  |  |  
14:28:25 [INFO] |  |  |  |  |p |  |  |  
14:28:25 [INFO] |  |  |  |  |  |  |  |  
14:28:25 [INFO] |p |p |p |p |  |p |p |p 
14:28:25 [INFO] |R |Kn|B |Q |K |B |Kn|R 
14:28:25 [INFO] ===========================
14:28:25 [INFO] New board, depth 2, move ChessMove { source: Square(8), dest: Square(24), promotion: None }
14:28:25 [INFO] Moves: [ChessMove { source: Square(8), dest: Square(24), promotion: None }]
14:28:25 [INFO] |R |Kn|B |Q |K |B |Kn|R 
14:28:25 [INFO] |p |p |p |p |p |p |p |p 
14:28:25 [INFO] |  |  |  |  |  |  |  |  
14:28:25 [INFO] |  |  |  |  |  |  |  |  
14:28:25 [INFO] |p |  |  |  |p |  |  |  
14:28:25 [INFO] |  |  |  |  |  |  |  |  
14:28:25 [INFO] |  |p |p |p |  |p |p |p 
14:28:25 [INFO] |R |Kn|B |Q |K |B |Kn|R 
14:28:25 [INFO] Old board
14:28:25 [INFO] |R |Kn|B |Q |K |B |Kn|R 
14:28:25 [INFO] |p |p |p |p |p |p |p |p 
14:28:25 [INFO] |  |  |  |  |  |  |  |  
14:28:25 [INFO] |  |  |  |  |  |  |  |  
14:28:25 [INFO] |  |  |  |  |p |  |  |  
14:28:25 [INFO] |  |  |  |  |  |  |  |  
14:28:25 [INFO] |p |p |p |p |  |p |p |p 
14:28:25 [INFO] |R |Kn|B |Q |K |B |Kn|R 
14:28:25 [INFO] ===========================
14:28:25 [INFO] New board, depth 2, move ChessMove { source: Square(9), dest: Square(17), promotion: None }
14:28:25 [INFO] Moves: [ChessMove { source: Square(9), dest: Square(17), promotion: None }]
14:28:25 [INFO] |R |Kn|B |Q |K |B |Kn|R 
14:28:25 [INFO] |p |p |p |p |p |p |p |p 
14:28:25 [INFO] |  |  |  |  |  |  |  |  
14:28:25 [INFO] |  |  |  |  |  |  |  |  
14:28:25 [INFO] |  |  |  |  |p |  |  |  
14:28:25 [INFO] |  |p |  |  |  |  |  |  
14:28:25 [INFO] |p |  |p |p |  |p |p |p 
14:28:25 [INFO] |R |Kn|B |Q |K |B |Kn|R 
14:28:25 [INFO] Old board
14:28:25 [INFO] |R |Kn|B |Q |K |B |Kn|R 
14:28:25 [INFO] |p |p |p |p |p |p |p |p 
14:28:25 [INFO] |  |  |  |  |  |  |  |  
14:28:25 [INFO] |  |  |  |  |  |  |  |  
14:28:25 [INFO] |  |  |  |  |p |  |  |  
14:28:25 [INFO] |  |  |  |  |  |  |  |  
14:28:25 [INFO] |p |p |p |p |  |p |p |p 
14:28:25 [INFO] |R |Kn|B |Q |K |B |Kn|R 
14:28:25 [INFO] ===========================
14:28:25 [INFO] New board, depth 2, move ChessMove { source: Square(9), dest: Square(25), promotion: None }
14:28:25 [INFO] Moves: [ChessMove { source: Square(9), dest: Square(25), promotion: None }]
14:28:25 [INFO] |R |Kn|B |Q |K |B |Kn|R 
14:28:25 [INFO] |p |p |p |p |p |p |p |p 
14:28:25 [INFO] |  |  |  |  |  |  |  |  
14:28:25 [INFO] |  |  |  |  |  |  |  |  
14:28:25 [INFO] |  |p |  |  |p |  |  |  
14:28:25 [INFO] |  |  |  |  |  |  |  |  
14:28:25 [INFO] |p |  |p |p |  |p |p |p 
14:28:25 [INFO] |R |Kn|B |Q |K |B |Kn|R 
14:28:25 [INFO] Old board
14:28:25 [INFO] |R |Kn|B |Q |K |B |Kn|R 
14:28:25 [INFO] |p |p |p |p |p |p |p |p 
14:28:25 [INFO] |  |  |  |  |  |  |  |  
14:28:25 [INFO] |  |  |  |  |  |  |  |  
14:28:25 [INFO] |  |  |  |  |p |  |  |  
14:28:25 [INFO] |  |  |  |  |  |  |  |  
14:28:25 [INFO] |p |p |p |p |  |p |p |p 
14:28:25 [INFO] |R |Kn|B |Q |K |B |Kn|R 
14:28:25 [INFO] ===========================
14:28:25 [INFO] New board, depth 2, move ChessMove { source: Square(10), dest: Square(18), promotion: None }
14:28:25 [INFO] Moves: [ChessMove { source: Square(10), dest: Square(18), promotion: None }]
14:28:25 [INFO] |R |Kn|B |Q |K |B |Kn|R 
14:28:25 [INFO] |p |p |p |p |p |p |p |p 
14:28:25 [INFO] |  |  |  |  |  |  |  |  
14:28:25 [INFO] |  |  |  |  |  |  |  |  
14:28:25 [INFO] |  |  |  |  |p |  |  |  
14:28:25 [INFO] |  |  |p |  |  |  |  |  
14:28:25 [INFO] |p |p |  |p |  |p |p |p 
14:28:25 [INFO] |R |Kn|B |Q |K |B |Kn|R 
14:28:25 [INFO] Old board
14:28:25 [INFO] |R |Kn|B |Q |K |B |Kn|R 
14:28:25 [INFO] |p |p |p |p |p |p |p |p 
14:28:25 [INFO] |  |  |  |  |  |  |  |  
14:28:25 [INFO] |  |  |  |  |  |  |  |  
14:28:25 [INFO] |  |  |  |  |p |  |  |  
14:28:25 [INFO] |  |  |  |  |  |  |  |  
14:28:25 [INFO] |p |p |p |p |  |p |p |p 
14:28:25 [INFO] |R |Kn|B |Q |K |B |Kn|R 
14:28:25 [INFO] ===========================
14:28:25 [INFO] New board, depth 2, move ChessMove { source: Square(10), dest: Square(26), promotion: None }
14:28:25 [INFO] Moves: [ChessMove { source: Square(10), dest: Square(26), promotion: None }]
14:28:25 [INFO] |R |Kn|B |Q |K |B |Kn|R 
14:28:25 [INFO] |p |p |p |p |p |p |p |p 
14:28:25 [INFO] |  |  |  |  |  |  |  |  
14:28:25 [INFO] |  |  |  |  |  |  |  |  
14:28:25 [INFO] |  |  |p |  |p |  |  |  
14:28:25 [INFO] |  |  |  |  |  |  |  |  
14:28:25 [INFO] |p |p |  |p |  |p |p |p 
14:28:25 [INFO] |R |Kn|B |Q |K |B |Kn|R 
14:28:25 [INFO] Old board
14:28:25 [INFO] |R |Kn|B |Q |K |B |Kn|R 
14:28:25 [INFO] |p |p |p |p |p |p |p |p 
14:28:25 [INFO] |  |  |  |  |  |  |  |  
14:28:25 [INFO] |  |  |  |  |  |  |  |  
14:28:25 [INFO] |  |  |  |  |p |  |  |  
14:28:25 [INFO] |  |  |  |  |  |  |  |  
14:28:25 [INFO] |p |p |p |p |  |p |p |p 
14:28:25 [INFO] |R |Kn|B |Q |K |B |Kn|R 
14:28:25 [INFO] ===========================
14:28:25 [INFO] New board, depth 2, move ChessMove { source: Square(11), dest: Square(19), promotion: None }
14:28:25 [INFO] Moves: [ChessMove { source: Square(11), dest: Square(19), promotion: None }]
14:28:25 [INFO] |R |Kn|B |Q |K |B |Kn|R 
14:28:25 [INFO] |p |p |p |p |p |p |p |p 
14:28:25 [INFO] |  |  |  |  |  |  |  |  
14:28:25 [INFO] |  |  |  |  |  |  |  |  
14:28:25 [INFO] |  |  |  |  |p |  |  |  
14:28:25 [INFO] |  |  |  |p |  |  |  |  
14:28:25 [INFO] |p |p |p |  |  |p |p |p 
14:28:25 [INFO] |R |Kn|B |Q |K |B |Kn|R 
14:28:25 [INFO] Old board
14:28:25 [INFO] |R |Kn|B |Q |K |B |Kn|R 
14:28:25 [INFO] |p |p |p |p |p |p |p |p 
14:28:25 [INFO] |  |  |  |  |  |  |  |  
14:28:25 [INFO] |  |  |  |  |  |  |  |  
14:28:25 [INFO] |  |  |  |  |p |  |  |  
14:28:25 [INFO] |  |  |  |  |  |  |  |  
14:28:25 [INFO] |p |p |p |p |  |p |p |p 
14:28:25 [INFO] |R |Kn|B |Q |K |B |Kn|R 
14:28:25 [INFO] ===========================
14:28:25 [INFO] New board, depth 2, move ChessMove { source: Square(11), dest: Square(27), promotion: None }
14:28:25 [INFO] Moves: [ChessMove { source: Square(11), dest: Square(27), promotion: None }]
14:28:25 [INFO] |R |Kn|B |Q |K |B |Kn|R 
14:28:25 [INFO] |p |p |p |p |p |p |p |p 
14:28:25 [INFO] |  |  |  |  |  |  |  |  
14:28:25 [INFO] |  |  |  |  |  |  |  |  
14:28:25 [INFO] |  |  |  |p |p |  |  |  
14:28:25 [INFO] |  |  |  |  |  |  |  |  
14:28:25 [INFO] |p |p |p |  |  |p |p |p 
14:28:25 [INFO] |R |Kn|B |Q |K |B |Kn|R 
14:28:25 [INFO] Old board
14:28:25 [INFO] |R |Kn|B |Q |K |B |Kn|R 
14:28:25 [INFO] |p |p |p |p |p |p |p |p 
14:28:25 [INFO] |  |  |  |  |  |  |  |  
14:28:25 [INFO] |  |  |  |  |  |  |  |  
14:28:25 [INFO] |  |  |  |  |p |  |  |  
14:28:25 [INFO] |  |  |  |  |  |  |  |  
14:28:25 [INFO] |p |p |p |p |  |p |p |p 
14:28:25 [INFO] |R |Kn|B |Q |K |B |Kn|R 
14:28:25 [INFO] ===========================
14:28:25 [INFO] New board, depth 2, move ChessMove { source: Square(13), dest: Square(21), promotion: None }
14:28:25 [INFO] Moves: [ChessMove { source: Square(13), dest: Square(21), promotion: None }]
14:28:25 [INFO] |R |Kn|B |Q |K |B |Kn|R 
14:28:25 [INFO] |p |p |p |p |p |p |p |p 
14:28:25 [INFO] |  |  |  |  |  |  |  |  
14:28:25 [INFO] |  |  |  |  |  |  |  |  
14:28:25 [INFO] |  |  |  |  |p |  |  |  
14:28:25 [INFO] |  |  |  |  |  |p |  |  
14:28:25 [INFO] |p |p |p |p |  |  |p |p 
14:28:25 [INFO] |R |Kn|B |Q |K |B |Kn|R 
14:28:25 [INFO] Old board
14:28:25 [INFO] |R |Kn|B |Q |K |B |Kn|R 
14:28:25 [INFO] |p |p |p |p |p |p |p |p 
14:28:25 [INFO] |  |  |  |  |  |  |  |  
14:28:25 [INFO] |  |  |  |  |  |  |  |  
14:28:25 [INFO] |  |  |  |  |p |  |  |  
14:28:25 [INFO] |  |  |  |  |  |  |  |  
14:28:25 [INFO] |p |p |p |p |  |p |p |p 
14:28:25 [INFO] |R |Kn|B |Q |K |B |Kn|R 
14:28:25 [INFO] ===========================
14:28:25 [INFO] New board, depth 2, move ChessMove { source: Square(13), dest: Square(29), promotion: None }
14:28:25 [INFO] Moves: [ChessMove { source: Square(13), dest: Square(29), promotion: None }]
14:28:25 [INFO] |R |Kn|B |Q |K |B |Kn|R 
14:28:25 [INFO] |p |p |p |p |p |p |p |p 
14:28:25 [INFO] |  |  |  |  |  |  |  |  
14:28:25 [INFO] |  |  |  |  |  |  |  |  
14:28:25 [INFO] |  |  |  |  |p |p |  |  
14:28:25 [INFO] |  |  |  |  |  |  |  |  
14:28:25 [INFO] |p |p |p |p |  |  |p |p 
14:28:25 [INFO] |R |Kn|B |Q |K |B |Kn|R 
14:28:25 [INFO] Old board
14:28:25 [INFO] |R |Kn|B |Q |K |B |Kn|R 
14:28:25 [INFO] |p |p |p |p |p |p |p |p 
14:28:25 [INFO] |  |  |  |  |  |  |  |  
14:28:25 [INFO] |  |  |  |  |  |  |  |  
14:28:25 [INFO] |  |  |  |  |p |  |  |  
14:28:25 [INFO] |  |  |  |  |  |  |  |  
14:28:25 [INFO] |p |p |p |p |  |p |p |p 
14:28:25 [INFO] |R |Kn|B |Q |K |B |Kn|R 
14:28:25 [INFO] ===========================
14:28:25 [INFO] New board, depth 2, move ChessMove { source: Square(14), dest: Square(22), promotion: None }
14:28:25 [INFO] Moves: [ChessMove { source: Square(14), dest: Square(22), promotion: None }]
14:28:25 [INFO] |R |Kn|B |Q |K |B |Kn|R 
14:28:25 [INFO] |p |p |p |p |p |p |p |p 
14:28:25 [INFO] |  |  |  |  |  |  |  |  
14:28:25 [INFO] |  |  |  |  |  |  |  |  
14:28:25 [INFO] |  |  |  |  |p |  |  |  
14:28:25 [INFO] |  |  |  |  |  |  |p |  
14:28:25 [INFO] |p |p |p |p |  |p |  |p 
14:28:25 [INFO] |R |Kn|B |Q |K |B |Kn|R 
14:28:25 [INFO] Old board
14:28:25 [INFO] |R |Kn|B |Q |K |B |Kn|R 
14:28:25 [INFO] |p |p |p |p |p |p |p |p 
14:28:25 [INFO] |  |  |  |  |  |  |  |  
14:28:25 [INFO] |  |  |  |  |  |  |  |  
14:28:25 [INFO] |  |  |  |  |p |  |  |  
14:28:25 [INFO] |  |  |  |  |  |  |  |  
14:28:25 [INFO] |p |p |p |p |  |p |p |p 
14:28:25 [INFO] |R |Kn|B |Q |K |B |Kn|R 
14:28:25 [INFO] ===========================
14:28:25 [INFO] New board, depth 2, move ChessMove { source: Square(14), dest: Square(30), promotion: None }
14:28:25 [INFO] Moves: [ChessMove { source: Square(14), dest: Square(30), promotion: None }]
14:28:25 [INFO] |R |Kn|B |Q |K |B |Kn|R 
14:28:25 [INFO] |p |p |p |p |p |p |p |p 
14:28:25 [INFO] |  |  |  |  |  |  |  |  
14:28:25 [INFO] |  |  |  |  |  |  |  |  
14:28:25 [INFO] |  |  |  |  |p |  |p |  
14:28:25 [INFO] |  |  |  |  |  |  |  |  
14:28:25 [INFO] |p |p |p |p |  |p |  |p 
14:28:25 [INFO] |R |Kn|B |Q |K |B |Kn|R 
14:28:25 [INFO] Old board
14:28:25 [INFO] |R |Kn|B |Q |K |B |Kn|R 
14:28:25 [INFO] |p |p |p |p |p |p |p |p 
14:28:25 [INFO] |  |  |  |  |  |  |  |  
14:28:25 [INFO] |  |  |  |  |  |  |  |  
14:28:25 [INFO] |  |  |  |  |p |  |  |  
14:28:25 [INFO] |  |  |  |  |  |  |  |  
14:28:25 [INFO] |p |p |p |p |  |p |p |p 
14:28:25 [INFO] |R |Kn|B |Q |K |B |Kn|R 
14:28:25 [INFO] ===========================
14:28:25 [INFO] New board, depth 2, move ChessMove { source: Square(15), dest: Square(23), promotion: None }
14:28:25 [INFO] Moves: [ChessMove { source: Square(15), dest: Square(23), promotion: None }]
14:28:25 [INFO] |R |Kn|B |Q |K |B |Kn|R 
14:28:25 [INFO] |p |p |p |p |p |p |p |p 
14:28:25 [INFO] |  |  |  |  |  |  |  |  
14:28:25 [INFO] |  |  |  |  |  |  |  |  
14:28:25 [INFO] |  |  |  |  |p |  |  |  
14:28:25 [INFO] |  |  |  |  |  |  |  |p 
14:28:25 [INFO] |p |p |p |p |  |p |p |  
14:28:25 [INFO] |R |Kn|B |Q |K |B |Kn|R 
14:28:25 [INFO] Old board
14:28:25 [INFO] |R |Kn|B |Q |K |B |Kn|R 
14:28:25 [INFO] |p |p |p |p |p |p |p |p 
14:28:25 [INFO] |  |  |  |  |  |  |  |  
14:28:25 [INFO] |  |  |  |  |  |  |  |  
14:28:25 [INFO] |  |  |  |  |p |  |  |  
14:28:25 [INFO] |  |  |  |  |  |  |  |  
14:28:25 [INFO] |p |p |p |p |  |p |p |p 
14:28:25 [INFO] |R |Kn|B |Q |K |B |Kn|R 
14:28:25 [INFO] ===========================
14:28:25 [INFO] New board, depth 2, move ChessMove { source: Square(15), dest: Square(31), promotion: None }
14:28:25 [INFO] Moves: [ChessMove { source: Square(15), dest: Square(31), promotion: None }]
14:28:25 [INFO] |R |Kn|B |Q |K |B |Kn|R 
14:28:25 [INFO] |p |p |p |p |p |p |p |p 
14:28:25 [INFO] |  |  |  |  |  |  |  |  
14:28:25 [INFO] |  |  |  |  |  |  |  |  
14:28:25 [INFO] |  |  |  |  |p |  |  |p 
14:28:25 [INFO] |  |  |  |  |  |  |  |  
14:28:25 [INFO] |p |p |p |p |  |p |p |  
14:28:25 [INFO] |R |Kn|B |Q |K |B |Kn|R 
14:28:25 [INFO] Old board
14:28:25 [INFO] |R |Kn|B |Q |K |B |Kn|R 
14:28:25 [INFO] |p |p |p |p |p |p |p |p 
14:28:25 [INFO] |  |  |  |  |  |  |  |  
14:28:25 [INFO] |  |  |  |  |  |  |  |  
14:28:25 [INFO] |  |  |  |  |p |  |  |  
14:28:25 [INFO] |  |  |  |  |  |  |  |  
14:28:25 [INFO] |p |p |p |p |  |p |p |p 
14:28:25 [INFO] |R |Kn|B |Q |K |B |Kn|R 
14:28:25 [INFO] ===========================
14:28:25 [INFO] New board, depth 2, move ChessMove { source: Square(28), dest: Square(36), promotion: None }
14:28:25 [INFO] Moves: [ChessMove { source: Square(28), dest: Square(36), promotion: None }]
14:28:25 [INFO] |R |Kn|B |Q |K |B |Kn|R 
14:28:25 [INFO] |p |p |p |p |p |p |p |p 
14:28:25 [INFO] |  |  |  |  |  |  |  |  
14:28:25 [INFO] |  |  |  |  |p |  |  |  
14:28:25 [INFO] |  |  |  |  |  |  |  |  
14:28:25 [INFO] |  |  |  |  |  |  |  |  
14:28:25 [INFO] |p |p |p |p |  |p |p |p 
14:28:25 [INFO] |R |Kn|B |Q |K |B |Kn|R 
14:28:25 [INFO] Old board
14:28:25 [INFO] |R |Kn|B |Q |K |B |Kn|R 
14:28:25 [INFO] |p |p |p |p |p |p |p |p 
14:28:25 [INFO] |  |  |  |  |  |  |  |  
14:28:25 [INFO] |  |  |  |  |  |  |  |  
14:28:25 [INFO] |  |  |  |  |p |  |  |  
14:28:25 [INFO] |  |  |  |  |  |  |  |  
14:28:25 [INFO] |p |p |p |p |  |p |p |p 
14:28:25 [INFO] |R |Kn|B |Q |K |B |Kn|R 
14:28:25 [INFO] ===========================
14:28:25 [INFO] New board, depth 2, move ChessMove { source: Square(1), dest: Square(16), promotion: None }
14:28:25 [INFO] Moves: [ChessMove { source: Square(1), dest: Square(16), promotion: None }]
14:28:25 [INFO] |R |Kn|B |Q |K |B |Kn|R 
14:28:25 [INFO] |p |p |p |p |p |p |p |p 
14:28:25 [INFO] |  |  |  |  |  |  |  |  
14:28:25 [INFO] |  |  |  |  |  |  |  |  
14:28:25 [INFO] |  |  |  |  |p |  |  |  
14:28:25 [INFO] |Kn|  |  |  |  |  |  |  
14:28:25 [INFO] |p |p |p |p |  |p |p |p 
14:28:25 [INFO] |R |  |B |Q |K |B |Kn|R 
14:28:25 [INFO] Old board
14:28:25 [INFO] |R |Kn|B |Q |K |B |Kn|R 
14:28:25 [INFO] |p |p |p |p |p |p |p |p 
14:28:25 [INFO] |  |  |  |  |  |  |  |  
14:28:25 [INFO] |  |  |  |  |  |  |  |  
14:28:25 [INFO] |  |  |  |  |p |  |  |  
14:28:25 [INFO] |  |  |  |  |  |  |  |  
14:28:25 [INFO] |p |p |p |p |  |p |p |p 
14:28:25 [INFO] |R |Kn|B |Q |K |B |Kn|R 
14:28:25 [INFO] ===========================
14:28:25 [INFO] New board, depth 2, move ChessMove { source: Square(1), dest: Square(18), promotion: None }
14:28:25 [INFO] Moves: [ChessMove { source: Square(1), dest: Square(18), promotion: None }]
14:28:25 [INFO] |R |Kn|B |Q |K |B |Kn|R 
14:28:25 [INFO] |p |p |p |p |p |p |p |p 
14:28:25 [INFO] |  |  |  |  |  |  |  |  
14:28:25 [INFO] |  |  |  |  |  |  |  |  
14:28:25 [INFO] |  |  |  |  |p |  |  |  
14:28:25 [INFO] |  |  |Kn|  |  |  |  |  
14:28:25 [INFO] |p |p |p |p |  |p |p |p 
14:28:25 [INFO] |R |  |B |Q |K |B |Kn|R 
14:28:25 [INFO] Old board
14:28:25 [INFO] |R |Kn|B |Q |K |B |Kn|R 
14:28:25 [INFO] |p |p |p |p |p |p |p |p 
14:28:25 [INFO] |  |  |  |  |  |  |  |  
14:28:25 [INFO] |  |  |  |  |  |  |  |  
14:28:25 [INFO] |  |  |  |  |p |  |  |  
14:28:25 [INFO] |  |  |  |  |  |  |  |  
14:28:25 [INFO] |p |p |p |p |  |p |p |p 
14:28:25 [INFO] |R |Kn|B |Q |K |B |Kn|R 
14:28:25 [INFO] ===========================
14:28:25 [INFO] New board, depth 2, move ChessMove { source: Square(6), dest: Square(12), promotion: None }
14:28:25 [INFO] Moves: [ChessMove { source: Square(6), dest: Square(12), promotion: None }]
14:28:25 [INFO] |R |Kn|B |Q |K |B |Kn|R 
14:28:25 [INFO] |p |p |p |p |p |p |p |p 
14:28:25 [INFO] |  |  |  |  |  |  |  |  
14:28:25 [INFO] |  |  |  |  |  |  |  |  
14:28:25 [INFO] |  |  |  |  |p |  |  |  
14:28:25 [INFO] |  |  |  |  |  |  |  |  
14:28:25 [INFO] |p |p |p |p |Kn|p |p |p 
14:28:25 [INFO] |R |Kn|B |Q |K |B |  |R 
14:28:25 [INFO] Old board
14:28:25 [INFO] |R |Kn|B |Q |K |B |Kn|R 
14:28:25 [INFO] |p |p |p |p |p |p |p |p 
14:28:25 [INFO] |  |  |  |  |  |  |  |  
14:28:25 [INFO] |  |  |  |  |  |  |  |  
14:28:25 [INFO] |  |  |  |  |p |  |  |  
14:28:25 [INFO] |  |  |  |  |  |  |  |  
14:28:25 [INFO] |p |p |p |p |  |p |p |p 
14:28:25 [INFO] |R |Kn|B |Q |K |B |Kn|R 
14:28:25 [INFO] ===========================
14:28:25 [INFO] New board, depth 2, move ChessMove { source: Square(6), dest: Square(21), promotion: None }
14:28:25 [INFO] Moves: [ChessMove { source: Square(6), dest: Square(21), promotion: None }]
14:28:25 [INFO] |R |Kn|B |Q |K |B |Kn|R 
14:28:25 [INFO] |p |p |p |p |p |p |p |p 
14:28:25 [INFO] |  |  |  |  |  |  |  |  
14:28:25 [INFO] |  |  |  |  |  |  |  |  
14:28:25 [INFO] |  |  |  |  |p |  |  |  
14:28:25 [INFO] |  |  |  |  |  |Kn|  |  
14:28:25 [INFO] |p |p |p |p |  |p |p |p 
14:28:25 [INFO] |R |Kn|B |Q |K |B |  |R 
14:28:25 [INFO] Old board
14:28:25 [INFO] |R |Kn|B |Q |K |B |Kn|R 
14:28:25 [INFO] |p |p |p |p |p |p |p |p 
14:28:25 [INFO] |  |  |  |  |  |  |  |  
14:28:25 [INFO] |  |  |  |  |  |  |  |  
14:28:25 [INFO] |  |  |  |  |p |  |  |  
14:28:25 [INFO] |  |  |  |  |  |  |  |  
14:28:25 [INFO] |p |p |p |p |  |p |p |p 
14:28:25 [INFO] |R |Kn|B |Q |K |B |Kn|R 
14:28:25 [INFO] ===========================
14:28:25 [INFO] New board, depth 2, move ChessMove { source: Square(6), dest: Square(23), promotion: None }
14:28:25 [INFO] Moves: [ChessMove { source: Square(6), dest: Square(23), promotion: None }]
14:28:25 [INFO] |R |Kn|B |Q |K |B |Kn|R 
14:28:25 [INFO] |p |p |p |p |p |p |p |p 
14:28:25 [INFO] |  |  |  |  |  |  |  |  
14:28:25 [INFO] |  |  |  |  |  |  |  |  
14:28:25 [INFO] |  |  |  |  |p |  |  |  
14:28:25 [INFO] |  |  |  |  |  |  |  |Kn
14:28:25 [INFO] |p |p |p |p |  |p |p |p 
14:28:25 [INFO] |R |Kn|B |Q |K |B |  |R 
14:28:25 [INFO] Old board
14:28:25 [INFO] |R |Kn|B |Q |K |B |Kn|R 
14:28:25 [INFO] |p |p |p |p |p |p |p |p 
14:28:25 [INFO] |  |  |  |  |  |  |  |  
14:28:25 [INFO] |  |  |  |  |  |  |  |  
14:28:25 [INFO] |  |  |  |  |p |  |  |  
14:28:25 [INFO] |  |  |  |  |  |  |  |  
14:28:25 [INFO] |p |p |p |p |  |p |p |p 
14:28:25 [INFO] |R |Kn|B |Q |K |B |Kn|R 
14:28:25 [INFO] ===========================
14:28:25 [INFO] New board, depth 2, move ChessMove { source: Square(5), dest: Square(12), promotion: None }
14:28:25 [INFO] Moves: [ChessMove { source: Square(5), dest: Square(12), promotion: None }]
14:28:25 [INFO] |R |Kn|B |Q |K |B |Kn|R 
14:28:25 [INFO] |p |p |p |p |p |p |p |p 
14:28:25 [INFO] |  |  |  |  |  |  |  |  
14:28:25 [INFO] |  |  |  |  |  |  |  |  
14:28:25 [INFO] |  |  |  |  |p |  |  |  
14:28:25 [INFO] |  |  |  |  |  |  |  |  
14:28:25 [INFO] |p |p |p |p |B |p |p |p 
14:28:25 [INFO] |R |Kn|B |Q |K |  |Kn|R 
14:28:25 [INFO] Old board
14:28:25 [INFO] |R |Kn|B |Q |K |B |Kn|R 
14:28:25 [INFO] |p |p |p |p |p |p |p |p 
14:28:25 [INFO] |  |  |  |  |  |  |  |  
14:28:25 [INFO] |  |  |  |  |  |  |  |  
14:28:25 [INFO] |  |  |  |  |p |  |  |  
14:28:25 [INFO] |  |  |  |  |  |  |  |  
14:28:25 [INFO] |p |p |p |p |  |p |p |p 
14:28:25 [INFO] |R |Kn|B |Q |K |B |Kn|R 
14:28:25 [INFO] ===========================
14:28:25 [INFO] New board, depth 2, move ChessMove { source: Square(5), dest: Square(19), promotion: None }
14:28:25 [INFO] Moves: [ChessMove { source: Square(5), dest: Square(19), promotion: None }]
14:28:25 [INFO] |R |Kn|B |Q |K |B |Kn|R 
14:28:25 [INFO] |p |p |p |p |p |p |p |p 
14:28:25 [INFO] |  |  |  |  |  |  |  |  
14:28:25 [INFO] |  |  |  |  |  |  |  |  
14:28:25 [INFO] |  |  |  |  |p |  |  |  
14:28:25 [INFO] |  |  |  |B |  |  |  |  
14:28:25 [INFO] |p |p |p |p |  |p |p |p 
14:28:25 [INFO] |R |Kn|B |Q |K |  |Kn|R 
14:28:25 [INFO] Old board
14:28:25 [INFO] |R |Kn|B |Q |K |B |Kn|R 
14:28:25 [INFO] |p |p |p |p |p |p |p |p 
14:28:25 [INFO] |  |  |  |  |  |  |  |  
14:28:25 [INFO] |  |  |  |  |  |  |  |  
14:28:25 [INFO] |  |  |  |  |p |  |  |  
14:28:25 [INFO] |  |  |  |  |  |  |  |  
14:28:25 [INFO] |p |p |p |p |  |p |p |p 
14:28:25 [INFO] |R |Kn|B |Q |K |B |Kn|R 
14:28:25 [INFO] ===========================
14:28:25 [INFO] New board, depth 2, move ChessMove { source: Square(5), dest: Square(26), promotion: None }
14:28:25 [INFO] Moves: [ChessMove { source: Square(5), dest: Square(26), promotion: None }]
14:28:25 [INFO] |R |Kn|B |Q |K |B |Kn|R 
14:28:25 [INFO] |p |p |p |p |p |p |p |p 
14:28:25 [INFO] |  |  |  |  |  |  |  |  
14:28:25 [INFO] |  |  |  |  |  |  |  |  
14:28:25 [INFO] |  |  |B |  |p |  |  |  
14:28:25 [INFO] |  |  |  |  |  |  |  |  
14:28:25 [INFO] |p |p |p |p |  |p |p |p 
14:28:25 [INFO] |R |Kn|B |Q |K |  |Kn|R 
14:28:25 [INFO] Old board
14:28:25 [INFO] |R |Kn|B |Q |K |B |Kn|R 
14:28:25 [INFO] |p |p |p |p |p |p |p |p 
14:28:25 [INFO] |  |  |  |  |  |  |  |  
14:28:25 [INFO] |  |  |  |  |  |  |  |  
14:28:25 [INFO] |  |  |  |  |p |  |  |  
14:28:25 [INFO] |  |  |  |  |  |  |  |  
14:28:25 [INFO] |p |p |p |p |  |p |p |p 
14:28:25 [INFO] |R |Kn|B |Q |K |B |Kn|R 
14:28:25 [INFO] ===========================
14:28:25 [INFO] New board, depth 2, move ChessMove { source: Square(5), dest: Square(33), promotion: None }
14:28:25 [INFO] Moves: [ChessMove { source: Square(5), dest: Square(33), promotion: None }]
14:28:25 [INFO] |R |Kn|B |Q |K |B |Kn|R 
14:28:25 [INFO] |p |p |p |p |p |p |p |p 
14:28:25 [INFO] |  |  |  |  |  |  |  |  
14:28:25 [INFO] |  |B |  |  |  |  |  |  
14:28:25 [INFO] |  |  |  |  |p |  |  |  
14:28:25 [INFO] |  |  |  |  |  |  |  |  
14:28:25 [INFO] |p |p |p |p |  |p |p |p 
14:28:25 [INFO] |R |Kn|B |Q |K |  |Kn|R 
14:28:25 [INFO] Old board
14:28:25 [INFO] |R |Kn|B |Q |K |B |Kn|R 
14:28:25 [INFO] |p |p |p |p |p |p |p |p 
14:28:25 [INFO] |  |  |  |  |  |  |  |  
14:28:25 [INFO] |  |  |  |  |  |  |  |  
14:28:25 [INFO] |  |  |  |  |p |  |  |  
14:28:25 [INFO] |  |  |  |  |  |  |  |  
14:28:25 [INFO] |p |p |p |p |  |p |p |p 
14:28:25 [INFO] |R |Kn|B |Q |K |B |Kn|R 
14:28:25 [INFO] ===========================
14:28:25 [INFO] New board, depth 2, move ChessMove { source: Square(5), dest: Square(40), promotion: None }
14:28:25 [INFO] Moves: [ChessMove { source: Square(5), dest: Square(40), promotion: None }]
14:28:25 [INFO] |R |Kn|B |Q |K |B |Kn|R 
14:28:25 [INFO] |p |p |p |p |p |p |p |p 
14:28:25 [INFO] |B |  |  |  |  |  |  |  
14:28:25 [INFO] |  |  |  |  |  |  |  |  
14:28:25 [INFO] |  |  |  |  |p |  |  |  
14:28:25 [INFO] |  |  |  |  |  |  |  |  
14:28:25 [INFO] |p |p |p |p |  |p |p |p 
14:28:25 [INFO] |R |Kn|B |Q |K |  |Kn|R 
14:28:25 [INFO] Old board
14:28:25 [INFO] |R |Kn|B |Q |K |B |Kn|R 
14:28:25 [INFO] |p |p |p |p |p |p |p |p 
14:28:25 [INFO] |  |  |  |  |  |  |  |  
14:28:25 [INFO] |  |  |  |  |  |  |  |  
14:28:25 [INFO] |  |  |  |  |p |  |  |  
14:28:25 [INFO] |  |  |  |  |  |  |  |  
14:28:25 [INFO] |p |p |p |p |  |p |p |p 
14:28:25 [INFO] |R |Kn|B |Q |K |B |Kn|R 
14:28:25 [INFO] ===========================
14:28:25 [INFO] New board, depth 2, move ChessMove { source: Square(3), dest: Square(12), promotion: None }
14:28:25 [INFO] Moves: [ChessMove { source: Square(3), dest: Square(12), promotion: None }]
14:28:25 [INFO] |R |Kn|B |Q |K |B |Kn|R 
14:28:25 [INFO] |p |p |p |p |p |p |p |p 
14:28:25 [INFO] |  |  |  |  |  |  |  |  
14:28:25 [INFO] |  |  |  |  |  |  |  |  
14:28:25 [INFO] |  |  |  |  |p |  |  |  
14:28:25 [INFO] |  |  |  |  |  |  |  |  
14:28:25 [INFO] |p |p |p |p |Q |p |p |p 
14:28:25 [INFO] |R |Kn|B |  |K |B |Kn|R 
14:28:25 [INFO] Old board
14:28:25 [INFO] |R |Kn|B |Q |K |B |Kn|R 
14:28:25 [INFO] |p |p |p |p |p |p |p |p 
14:28:25 [INFO] |  |  |  |  |  |  |  |  
14:28:25 [INFO] |  |  |  |  |  |  |  |  
14:28:25 [INFO] |  |  |  |  |p |  |  |  
14:28:25 [INFO] |  |  |  |  |  |  |  |  
14:28:25 [INFO] |p |p |p |p |  |p |p |p 
14:28:25 [INFO] |R |Kn|B |Q |K |B |Kn|R 
14:28:25 [INFO] ===========================
14:28:25 [INFO] New board, depth 2, move ChessMove { source: Square(3), dest: Square(21), promotion: None }
14:28:25 [INFO] Moves: [ChessMove { source: Square(3), dest: Square(21), promotion: None }]
14:28:25 [INFO] |R |Kn|B |Q |K |B |Kn|R 
14:28:25 [INFO] |p |p |p |p |p |p |p |p 
14:28:25 [INFO] |  |  |  |  |  |  |  |  
14:28:25 [INFO] |  |  |  |  |  |  |  |  
14:28:25 [INFO] |  |  |  |  |p |  |  |  
14:28:25 [INFO] |  |  |  |  |  |Q |  |  
14:28:25 [INFO] |p |p |p |p |  |p |p |p 
14:28:25 [INFO] |R |Kn|B |  |K |B |Kn|R 
14:28:25 [INFO] Old board
14:28:25 [INFO] |R |Kn|B |Q |K |B |Kn|R 
14:28:25 [INFO] |p |p |p |p |p |p |p |p 
14:28:25 [INFO] |  |  |  |  |  |  |  |  
14:28:25 [INFO] |  |  |  |  |  |  |  |  
14:28:25 [INFO] |  |  |  |  |p |  |  |  
14:28:25 [INFO] |  |  |  |  |  |  |  |  
14:28:25 [INFO] |p |p |p |p |  |p |p |p 
14:28:25 [INFO] |R |Kn|B |Q |K |B |Kn|R 
14:28:25 [INFO] ===========================
14:28:25 [INFO] New board, depth 2, move ChessMove { source: Square(3), dest: Square(30), promotion: None }
14:28:25 [INFO] Moves: [ChessMove { source: Square(3), dest: Square(30), promotion: None }]
14:28:25 [INFO] |R |Kn|B |Q |K |B |Kn|R 
14:28:25 [INFO] |p |p |p |p |p |p |p |p 
14:28:25 [INFO] |  |  |  |  |  |  |  |  
14:28:25 [INFO] |  |  |  |  |  |  |  |  
14:28:25 [INFO] |  |  |  |  |p |  |Q |  
14:28:25 [INFO] |  |  |  |  |  |  |  |  
14:28:25 [INFO] |p |p |p |p |  |p |p |p 
14:28:25 [INFO] |R |Kn|B |  |K |B |Kn|R 
14:28:25 [INFO] Old board
14:28:25 [INFO] |R |Kn|B |Q |K |B |Kn|R 
14:28:25 [INFO] |p |p |p |p |p |p |p |p 
14:28:25 [INFO] |  |  |  |  |  |  |  |  
14:28:25 [INFO] |  |  |  |  |  |  |  |  
14:28:25 [INFO] |  |  |  |  |p |  |  |  
14:28:25 [INFO] |  |  |  |  |  |  |  |  
14:28:25 [INFO] |p |p |p |p |  |p |p |p 
14:28:25 [INFO] |R |Kn|B |Q |K |B |Kn|R 
14:28:25 [INFO] ===========================
14:28:25 [INFO] New board, depth 2, move ChessMove { source: Square(3), dest: Square(39), promotion: None }
14:28:25 [INFO] Moves: [ChessMove { source: Square(3), dest: Square(39), promotion: None }]
14:28:25 [INFO] |R |Kn|B |Q |K |B |Kn|R 
14:28:25 [INFO] |p |p |p |p |p |p |p |p 
14:28:25 [INFO] |  |  |  |  |  |  |  |  
14:28:25 [INFO] |  |  |  |  |  |  |  |Q 
14:28:25 [INFO] |  |  |  |  |p |  |  |  
14:28:25 [INFO] |  |  |  |  |  |  |  |  
14:28:25 [INFO] |p |p |p |p |  |p |p |p 
14:28:25 [INFO] |R |Kn|B |  |K |B |Kn|R 
14:28:25 [INFO] Old board
14:28:25 [INFO] |R |Kn|B |Q |K |B |Kn|R 
14:28:25 [INFO] |p |p |p |p |p |p |p |p 
14:28:25 [INFO] |  |  |  |  |  |  |  |  
14:28:25 [INFO] |  |  |  |  |  |  |  |  
14:28:25 [INFO] |  |  |  |  |p |  |  |  
14:28:25 [INFO] |  |  |  |  |  |  |  |  
14:28:25 [INFO] |p |p |p |p |  |p |p |p 
14:28:25 [INFO] |R |Kn|B |Q |K |B |Kn|R 
14:28:25 [INFO] ===========================
14:28:25 [INFO] New board, depth 2, move ChessMove { source: Square(4), dest: Square(12), promotion: None }
14:28:25 [INFO] Moves: [ChessMove { source: Square(4), dest: Square(12), promotion: None }]
14:28:25 [INFO] |R |Kn|B |Q |K |B |Kn|R 
14:28:25 [INFO] |p |p |p |p |p |p |p |p 
14:28:25 [INFO] |  |  |  |  |  |  |  |  
14:28:25 [INFO] |  |  |  |  |  |  |  |  
14:28:25 [INFO] |  |  |  |  |p |  |  |  
14:28:25 [INFO] |  |  |  |  |  |  |  |  
14:28:25 [INFO] |p |p |p |p |K |p |p |p 
14:28:25 [INFO] |R |Kn|B |Q |  |B |Kn|R 
14:28:25 [INFO] Old board
14:28:25 [INFO] |R |Kn|B |Q |K |B |Kn|R 
14:28:25 [INFO] |p |p |p |p |p |p |p |p 
14:28:25 [INFO] |  |  |  |  |  |  |  |  
14:28:25 [INFO] |  |  |  |  |  |  |  |  
14:28:25 [INFO] |  |  |  |  |p |  |  |  
14:28:25 [INFO] |  |  |  |  |  |  |  |  
14:28:25 [INFO] |p |p |p |p |  |p |p |p 
14:28:25 [INFO] |R |Kn|B |Q |K |B |Kn|R 
14:28:25 [INFO] ===========================
